<?xml version="1.0" encoding="UTF-8"?>
<!-- Generated by org.testng.reporters.JUnitReportReporter -->
<testsuite hostname="DESKTOP-SI28N20" failures="0" tests="3" name="selelnium.loggerTest" time="0.499" errors="0" timestamp="2023-03-31T16:02:46 EDT" skipped="0">
  <testcase classname="selelnium.loggerTest" name="testError" time="0.472"/>
  <system-out/>
  <testcase classname="selelnium.loggerTest" name="testInfo" time="0.002"/>
  <system-out/>
  <testcase classname="selelnium.loggerTest" name="testWarn" time="0.025"/>
  <system-out/>
</testsuite> <!-- selelnium.loggerTest -->
