<?xml version="1.0" encoding="UTF-8"?>
<!-- Generated by org.testng.reporters.JUnitReportReporter -->
<testsuite hostname="DESKTOP-SI28N20" failures="0" tests="1" name="selelnium.saucePMOlogin" time="1.223" errors="0" timestamp="2023-04-21T12:01:34 EDT" skipped="0">
  <testcase classname="selelnium.saucePMOlogin" name="login" time="1.223"/>
  <system-out/>
</testsuite> <!-- selelnium.saucePMOlogin -->
