<?xml version="1.0" encoding="UTF-8"?>
<!-- Generated by org.testng.reporters.JUnitReportReporter -->
<testsuite hostname="DESKTOP-SI28N20" failures="0" tests="3" name="runner.testrunner" time="0.146" errors="0" timestamp="2023-04-19T21:32:42 EDT" skipped="0">
  <testcase classname="runner.testrunner" name="runScenario" time="0.008"/>
  <system-out/>
  <testcase classname="runner.testrunner" name="runScenario" time="0.025"/>
  <system-out/>
  <testcase classname="runner.testrunner" name="runScenario" time="0.113"/>
  <system-out/>
</testsuite> <!-- runner.testrunner -->
